TN:
SF:src\Application\Client\GetClientsForDelivery\ClientDeliveredDTOMapper.ts
FN:6,(anonymous_0)
FN:8,(anonymous_1)
FN:18,(anonymous_2)
FN:19,(anonymous_3)
FNF:4
FNH:0
FNDA:0,(anonymous_0)
FNDA:0,(anonymous_1)
FNDA:0,(anonymous_2)
FNDA:0,(anonymous_3)
DA:4,1
DA:8,0
DA:19,0
DA:26,0
LF:4
LH:1
BRF:0
BRH:0
end_of_record
TN:
SF:src\Application\Client\GetClientsForDelivery\GetClientsForDelivered.ts
FN:8,(anonymous_0)
FNF:1
FNH:1
FNDA:3,(anonymous_0)
DA:5,1
DA:8,3
LF:2
LH:2
BRF:0
BRH:0
end_of_record
TN:
SF:src\Application\Order\Queries\GetOrderByDayQuery.ts
FN:7,(anonymous_0)
FNF:1
FNH:1
FNDA:3,(anonymous_0)
DA:5,1
DA:7,3
LF:2
LH:2
BRF:0
BRH:0
end_of_record
TN:
SF:src\Application\Order\Queries\GetOrderByIdQuery.ts
FN:7,(anonymous_0)
FNF:1
FNH:1
FNDA:3,(anonymous_0)
DA:5,1
DA:7,3
LF:2
LH:2
BRF:0
BRH:0
end_of_record
TN:
SF:src\Application\Order\Queries\Mappers\OrderDTOMapper.ts
FN:5,(anonymous_0)
FN:11,(anonymous_1)
FN:19,(anonymous_2)
FNF:3
FNH:0
FNDA:0,(anonymous_0)
FNDA:0,(anonymous_1)
FNDA:0,(anonymous_2)
DA:4,2
DA:6,0
DA:11,0
DA:19,0
LF:4
LH:1
BRF:0
BRH:0
end_of_record
TN:
SF:src\Common\Core\Abstractions\AgregateRoot.ts
FN:5,(anonymous_0)
FNF:1
FNH:1
FNDA:23,(anonymous_0)
DA:1,4
DA:3,4
DA:6,23
LF:3
LH:3
BRF:0
BRH:0
end_of_record
TN:
SF:src\Common\Core\Abstractions\DomainEvent.ts
FN:1,(anonymous_0)
FNF:1
FNH:1
FNDA:1,(anonymous_0)
DA:1,2
DA:2,1
LF:2
LH:2
BRF:0
BRH:0
end_of_record
TN:
SF:src\Common\Core\Abstractions\Entity.ts
FN:8,(anonymous_0)
FN:17,(anonymous_1)
FN:21,(anonymous_2)
FN:25,(anonymous_3)
FN:29,(anonymous_4)
FN:33,(anonymous_5)
FNF:6
FNH:4
FNDA:47,(anonymous_0)
FNDA:1,(anonymous_1)
FNDA:0,(anonymous_2)
FNDA:2,(anonymous_3)
FNDA:2,(anonymous_4)
FNDA:0,(anonymous_5)
DA:3,6
DA:9,47
DA:10,47
DA:12,0
DA:14,47
DA:18,1
DA:22,0
DA:26,2
DA:30,2
DA:34,0
LF:10
LH:7
BRDA:9,0,0,47
BRDA:9,0,1,0
BRF:2
BRH:1
end_of_record
TN:
SF:src\Common\Core\Abstractions\ValueObject.ts
FN:3,(anonymous_0)
FNF:1
FNH:0
FNDA:0,(anonymous_0)
DA:1,2
DA:4,0
DA:5,0
DA:7,0
DA:8,0
DA:11,0
LF:6
LH:1
BRDA:4,0,0,0
BRDA:4,0,1,0
BRDA:4,1,0,0
BRDA:4,1,1,0
BRDA:7,2,0,0
BRDA:7,2,1,0
BRF:6
BRH:0
end_of_record
TN:
SF:src\Common\Core\Results\DomainExeption.ts
FN:6,(anonymous_0)
FNF:1
FNH:1
FNDA:12,(anonymous_0)
DA:1,5
DA:7,12
DA:8,12
DA:9,12
LF:4
LH:4
BRF:0
BRH:0
end_of_record
TN:
SF:src\Common\Core\Results\Exception.ts
FN:16,(anonymous_0)
FN:28,(anonymous_1)
FN:40,(anonymous_2)
FN:49,(anonymous_3)
FN:53,(anonymous_4)
FN:57,(anonymous_5)
FN:61,(anonymous_6)
FN:65,(anonymous_7)
FNF:8
FNH:2
FNDA:6,(anonymous_0)
FNDA:6,(anonymous_1)
FNDA:0,(anonymous_2)
FNDA:0,(anonymous_3)
FNDA:0,(anonymous_4)
FNDA:0,(anonymous_5)
FNDA:0,(anonymous_6)
FNDA:0,(anonymous_7)
DA:1,3
DA:3,3
DA:4,3
DA:5,3
DA:22,6
DA:23,6
DA:24,6
DA:25,6
DA:30,6
DA:31,6
DA:34,0
DA:35,0
DA:36,0
DA:39,0
DA:40,0
DA:41,0
DA:42,0
DA:43,0
DA:46,0
DA:50,0
DA:54,0
DA:58,0
DA:62,0
DA:66,0
LF:24
LH:10
BRDA:22,0,0,6
BRDA:22,0,1,0
BRDA:22,1,0,6
BRDA:22,1,1,6
BRDA:30,2,0,6
BRDA:30,2,1,0
BRDA:30,3,0,6
BRDA:30,3,1,6
BRDA:35,4,0,0
BRDA:35,4,1,0
BRDA:41,5,0,0
BRDA:41,5,1,0
BRDA:42,6,0,0
BRDA:42,6,1,0
BRDA:42,7,0,0
BRDA:42,7,1,0
BRDA:42,8,0,0
BRDA:42,8,1,0
BRDA:42,9,0,0
BRDA:42,9,1,0
BRF:20
BRH:6
end_of_record
TN:
SF:src\Common\Core\Results\ExceptionType.ts
FN:1,(anonymous_0)
FNF:1
FNH:1
FNDA:3,(anonymous_0)
DA:1,3
DA:2,3
DA:3,3
DA:4,3
DA:5,3
DA:6,3
DA:7,3
LF:7
LH:7
BRDA:1,0,0,3
BRDA:1,0,1,3
BRF:2
BRH:2
end_of_record
TN:
SF:src\Common\Core\Results\Result.ts
FN:8,(anonymous_0)
FN:16,(anonymous_1)
FN:20,(anonymous_2)
FN:24,(anonymous_3)
FN:28,(anonymous_4)
FN:32,(anonymous_5)
FN:40,(anonymous_6)
FN:45,(anonymous_7)
FN:52,(anonymous_8)
FN:56,(anonymous_9)
FNF:10
FNH:5
FNDA:6,(anonymous_0)
FNDA:0,(anonymous_1)
FNDA:0,(anonymous_2)
FNDA:6,(anonymous_3)
FNDA:0,(anonymous_4)
FNDA:0,(anonymous_5)
FNDA:6,(anonymous_6)
FNDA:6,(anonymous_7)
FNDA:0,(anonymous_8)
FNDA:4,(anonymous_9)
DA:2,3
DA:4,3
DA:9,6
DA:10,0
DA:12,6
DA:13,6
DA:17,0
DA:21,0
DA:25,6
DA:29,0
DA:33,0
DA:37,3
DA:41,6
DA:42,6
DA:46,6
DA:47,0
DA:49,6
DA:53,0
DA:57,4
LF:19
LH:12
BRDA:9,0,0,0
BRDA:9,0,1,6
BRDA:9,1,0,6
BRDA:9,1,1,6
BRDA:9,1,2,6
BRDA:9,1,3,0
BRDA:46,2,0,0
BRDA:46,2,1,6
BRDA:57,3,0,4
BRDA:57,3,1,0
BRDA:57,4,0,4
BRDA:57,4,1,4
BRF:12
BRH:8
end_of_record
TN:
SF:src\Common\Mediator\Decorators.ts
FN:8,CommandHandler
FN:9,(anonymous_1)
FN:15,QueryHandler
FN:16,(anonymous_3)
FN:22,EventHandler
FN:23,(anonymous_5)
FNF:6
FNH:2
FNDA:0,CommandHandler
FNDA:0,(anonymous_1)
FNDA:3,QueryHandler
FNDA:3,(anonymous_3)
FNDA:0,EventHandler
FNDA:0,(anonymous_5)
DA:1,3
DA:2,3
DA:4,3
DA:5,3
DA:6,3
DA:8,3
DA:9,0
DA:10,0
DA:11,0
DA:15,3
DA:16,3
DA:17,3
DA:18,3
DA:22,3
DA:23,0
DA:24,0
DA:25,0
LF:17
LH:11
BRF:0
BRH:0
end_of_record
TN:
SF:src\Common\Mediator\HandlerRegistry.ts
FN:9,(anonymous_0)
FN:13,(anonymous_1)
FN:17,(anonymous_2)
FN:23,(anonymous_3)
FNF:4
FNH:1
FNDA:3,(anonymous_0)
FNDA:0,(anonymous_1)
FNDA:0,(anonymous_2)
FNDA:0,(anonymous_3)
DA:3,3
DA:5,3
DA:7,3
DA:10,3
DA:14,0
DA:18,0
DA:19,0
DA:20,0
DA:24,0
LF:9
LH:4
BRDA:18,0,0,0
BRDA:18,0,1,0
BRDA:18,1,0,0
BRDA:18,1,1,0
BRDA:24,2,0,0
BRDA:24,2,1,0
BRDA:24,3,0,0
BRDA:24,3,1,0
BRF:8
BRH:0
end_of_record
TN:
SF:src\Common\Utils\Date.ts
FN:3,(anonymous_0)
FNF:1
FNH:0
FNDA:0,(anonymous_0)
DA:1,2
DA:4,0
DA:5,0
DA:8,0
DA:9,0
DA:10,0
DA:12,0
DA:13,0
LF:8
LH:1
BRDA:4,0,0,0
BRDA:4,0,1,0
BRF:2
BRH:0
end_of_record
TN:
SF:src\Domain\Address\Entities\Address.ts
FN:14,(anonymous_0)
FN:29,(anonymous_1)
FN:33,(anonymous_2)
FN:37,(anonymous_3)
FN:41,(anonymous_4)
FN:45,(anonymous_5)
FNF:6
FNH:6
FNDA:2,(anonymous_0)
FNDA:1,(anonymous_1)
FNDA:1,(anonymous_2)
FNDA:1,(anonymous_3)
FNDA:1,(anonymous_4)
FNDA:1,(anonymous_5)
DA:1,1
DA:3,1
DA:4,1
DA:6,1
DA:15,2
DA:17,2
DA:18,1
DA:21,1
DA:22,1
DA:23,1
DA:24,1
DA:25,1
DA:30,1
DA:34,1
DA:38,1
DA:42,1
DA:46,1
LF:17
LH:17
BRDA:17,0,0,1
BRDA:17,0,1,1
BRF:2
BRH:2
end_of_record
TN:
SF:src\Domain\Address\Error\AddressError.ts
FN:4,(anonymous_0)
FNF:1
FNH:1
FNDA:1,(anonymous_0)
DA:1,1
DA:5,1
LF:2
LH:2
BRF:0
BRH:0
end_of_record
TN:
SF:src\Domain\Address\Error\CoordinateError.ts
FN:3,(anonymous_0)
FN:7,(anonymous_1)
FNF:2
FNH:1
FNDA:2,(anonymous_0)
FNDA:0,(anonymous_1)
DA:1,2
DA:4,2
DA:8,0
LF:3
LH:2
BRF:0
BRH:0
end_of_record
TN:
SF:src\Domain\Address\ValuesObjects\Coordinates.ts
FN:9,(anonymous_0)
FN:23,(anonymous_1)
FN:27,(anonymous_2)
FNF:3
FNH:3
FNDA:5,(anonymous_0)
FNDA:2,(anonymous_1)
FNDA:2,(anonymous_2)
DA:1,2
DA:2,2
DA:3,2
DA:5,2
DA:10,5
DA:12,5
DA:13,2
DA:15,3
DA:16,0
DA:19,3
DA:20,3
DA:24,2
DA:28,2
LF:13
LH:12
BRDA:12,0,0,2
BRDA:12,0,1,3
BRDA:12,1,0,5
BRDA:12,1,1,4
BRDA:15,2,0,0
BRDA:15,2,1,3
BRDA:15,3,0,3
BRDA:15,3,1,3
BRF:8
BRH:7
end_of_record
TN:
SF:src\Domain\DailyAllocation\Entities\AllocationLine.ts
FN:10,(anonymous_0)
FN:26,(anonymous_1)
FN:33,(anonymous_2)
FN:37,(anonymous_3)
FN:41,(anonymous_4)
FN:45,(anonymous_5)
FN:49,(anonymous_6)
FN:53,(anonymous_7)
FNF:8
FNH:8
FNDA:10,(anonymous_0)
FNDA:3,(anonymous_1)
FNDA:3,(anonymous_2)
FNDA:1,(anonymous_3)
FNDA:1,(anonymous_4)
FNDA:1,(anonymous_5)
FNDA:4,(anonymous_6)
FNDA:1,(anonymous_7)
DA:1,1
DA:2,1
DA:3,1
DA:11,10
DA:12,10
DA:13,10
DA:14,10
DA:15,10
DA:16,2
DA:19,8
DA:20,1
DA:22,7
DA:23,7
DA:27,3
DA:28,1
DA:30,2
DA:34,3
DA:38,1
DA:42,1
DA:46,1
DA:50,4
DA:54,1
LF:22
LH:22
BRDA:10,0,0,3
BRDA:15,1,0,2
BRDA:15,1,1,8
BRDA:19,2,0,1
BRDA:19,2,1,7
BRDA:27,3,0,1
BRDA:27,3,1,2
BRF:7
BRH:7
end_of_record
TN:
SF:src\Domain\DailyAllocation\Entities\DailyAllocation.ts
FN:8,(anonymous_0)
FN:14,(anonymous_1)
FN:18,(anonymous_2)
FN:21,(anonymous_3)
FN:22,(anonymous_4)
FN:24,(anonymous_5)
FN:27,(anonymous_6)
FN:31,(anonymous_7)
FNF:8
FNH:8
FNDA:7,(anonymous_0)
FNDA:6,(anonymous_1)
FNDA:5,(anonymous_2)
FNDA:5,(anonymous_3)
FNDA:3,(anonymous_4)
FNDA:6,(anonymous_5)
FNDA:3,(anonymous_6)
FNDA:1,(anonymous_7)
DA:1,1
DA:4,1
DA:9,7
DA:10,7
DA:11,7
DA:15,6
DA:19,5
DA:21,5
DA:22,3
DA:24,6
DA:28,3
DA:32,1
LF:12
LH:12
BRDA:8,0,0,7
BRF:1
BRH:1
end_of_record
TN:
SF:src\Domain\DailyAllocation\Errors\AllocationLineError.ts
FN:3,(anonymous_0)
FN:7,(anonymous_1)
FNF:2
FNH:2
FNDA:4,(anonymous_0)
FNDA:4,(anonymous_1)
DA:1,1
DA:4,4
DA:8,4
LF:3
LH:3
BRF:0
BRH:0
end_of_record
TN:
SF:src\Domain\Order\Entities\Order.ts
FN:15,(anonymous_0)
FN:23,(anonymous_1)
FN:34,(anonymous_2)
FN:39,(anonymous_3)
FN:40,(anonymous_4)
FN:43,(anonymous_5)
FN:47,(anonymous_6)
FN:51,(anonymous_7)
FN:55,(anonymous_8)
FN:59,(anonymous_9)
FN:63,(anonymous_10)
FNF:11
FNH:8
FNDA:8,(anonymous_0)
FNDA:4,(anonymous_1)
FNDA:1,(anonymous_2)
FNDA:3,(anonymous_3)
FNDA:3,(anonymous_4)
FNDA:1,(anonymous_5)
FNDA:0,(anonymous_6)
FNDA:0,(anonymous_7)
FNDA:0,(anonymous_8)
FNDA:2,(anonymous_9)
FNDA:2,(anonymous_10)
DA:1,1
DA:2,1
DA:3,1
DA:5,1
DA:6,1
DA:8,1
DA:16,8
DA:17,8
DA:18,8
DA:19,8
DA:20,8
DA:24,4
DA:25,1
DA:28,3
DA:29,1
DA:31,2
DA:35,1
DA:36,1
DA:40,3
DA:44,1
DA:48,0
DA:52,0
DA:56,0
DA:60,2
DA:64,2
LF:25
LH:22
BRDA:15,0,0,0
BRDA:24,1,0,1
BRDA:24,1,1,3
BRDA:28,2,0,1
BRDA:28,2,1,2
BRF:5
BRH:4
end_of_record
TN:
SF:src\Domain\Order\Entities\OrderItem.ts
FN:19,(anonymous_0)
FN:32,(anonymous_1)
FN:45,(anonymous_2)
FN:67,(anonymous_3)
FN:74,(anonymous_4)
FN:78,(anonymous_5)
FN:82,(anonymous_6)
FN:86,(anonymous_7)
FN:90,(anonymous_8)
FN:94,(anonymous_9)
FN:98,(anonymous_10)
FN:102,(anonymous_11)
FNF:12
FNH:8
FNDA:12,(anonymous_0)
FNDA:1,(anonymous_1)
FNDA:5,(anonymous_2)
FNDA:0,(anonymous_3)
FNDA:1,(anonymous_4)
FNDA:1,(anonymous_5)
FNDA:1,(anonymous_6)
FNDA:4,(anonymous_7)
FNDA:0,(anonymous_8)
FNDA:2,(anonymous_9)
FNDA:0,(anonymous_10)
FNDA:0,(anonymous_11)
DA:1,2
DA:2,2
DA:4,2
DA:5,2
DA:8,2
DA:10,2
DA:20,12
DA:21,12
DA:22,2
DA:24,10
DA:25,10
DA:26,10
DA:27,10
DA:28,10
DA:29,10
DA:33,1
DA:34,0
DA:37,1
DA:38,0
DA:41,1
DA:42,1
DA:47,5
DA:48,1
DA:51,4
DA:52,1
DA:55,3
DA:56,3
DA:57,1
DA:60,2
DA:61,1
DA:64,2
DA:68,0
DA:69,0
DA:71,0
DA:75,1
DA:79,1
DA:83,1
DA:87,4
DA:91,0
DA:95,2
DA:99,0
DA:103,0
LF:42
LH:34
BRDA:21,0,0,2
BRDA:21,0,1,10
BRDA:33,1,0,0
BRDA:33,1,1,1
BRDA:37,2,0,0
BRDA:37,2,1,1
BRDA:47,3,0,1
BRDA:47,3,1,4
BRDA:51,4,0,1
BRDA:51,4,1,3
BRDA:56,5,0,1
BRDA:56,5,1,2
BRDA:60,6,0,1
BRDA:60,6,1,1
BRDA:68,7,0,0
BRDA:68,7,1,0
BRF:16
BRH:12
end_of_record
TN:
SF:src\Domain\Order\Errors\OrderError.ts
FN:5,(anonymous_0)
FN:9,(anonymous_1)
FN:13,(anonymous_2)
FN:17,(anonymous_3)
FNF:4
FNH:2
FNDA:1,(anonymous_0)
FNDA:0,(anonymous_1)
FNDA:0,(anonymous_2)
FNDA:1,(anonymous_3)
DA:3,1
DA:6,1
DA:10,0
DA:14,0
DA:18,1
LF:5
LH:3
BRF:0
BRH:0
end_of_record
TN:
SF:src\Domain\Order\Errors\OrderItemError.ts
FN:5,(anonymous_0)
FN:9,(anonymous_1)
FN:13,(anonymous_2)
FNF:3
FNH:2
FNDA:3,(anonymous_0)
FNDA:0,(anonymous_1)
FNDA:1,(anonymous_2)
DA:3,2
DA:6,3
DA:10,0
DA:14,1
LF:4
LH:3
BRF:0
BRH:0
end_of_record
TN:
SF:src\Domain\Order\Events\OrderItemCompletedEvent.ts
FN:4,(anonymous_0)
FNF:1
FNH:1
FNDA:1,(anonymous_0)
DA:1,2
DA:3,2
DA:4,1
LF:3
LH:3
BRF:0
BRH:0
end_of_record
TN:
SF:src\Domain\Order\Types\StatusOrderEnum.ts
FN:1,(anonymous_0)
FNF:1
FNH:1
FNDA:5,(anonymous_0)
DA:1,5
DA:2,5
DA:3,5
LF:3
LH:3
BRDA:1,0,0,5
BRDA:1,0,1,5
BRF:2
BRH:2
end_of_record
TN:
SF:src\Domain\Package\Entities\Package.ts
FN:17,(anonymous_0)
FN:32,(anonymous_1)
FN:39,(anonymous_2)
FN:47,(anonymous_3)
FN:51,(anonymous_4)
FN:55,(anonymous_5)
FN:59,(anonymous_6)
FN:63,(anonymous_7)
FN:67,(anonymous_8)
FNF:9
FNH:6
FNDA:6,(anonymous_0)
FNDA:2,(anonymous_1)
FNDA:2,(anonymous_2)
FNDA:1,(anonymous_3)
FNDA:2,(anonymous_4)
FNDA:0,(anonymous_5)
FNDA:2,(anonymous_6)
FNDA:0,(anonymous_7)
FNDA:0,(anonymous_8)
DA:1,1
DA:2,1
DA:4,1
DA:5,1
DA:8,1
DA:14,6
DA:15,6
DA:18,6
DA:20,6
DA:21,1
DA:24,5
DA:25,5
DA:26,5
DA:27,5
DA:28,5
DA:29,5
DA:33,2
DA:34,1
DA:36,1
DA:40,2
DA:41,1
DA:43,1
DA:48,1
DA:52,2
DA:56,0
DA:60,2
DA:64,0
DA:68,0
LF:28
LH:25
BRDA:17,0,0,6
BRDA:20,1,0,1
BRDA:20,1,1,5
BRDA:33,2,0,1
BRDA:33,2,1,1
BRDA:40,3,0,1
BRDA:40,3,1,1
BRF:7
BRH:7
end_of_record
TN:
SF:src\Domain\Package\Entities\PackageItem.ts
FN:9,(anonymous_0)
FN:16,(anonymous_1)
FN:20,(anonymous_2)
FN:24,(anonymous_3)
FNF:4
FNH:1
FNDA:2,(anonymous_0)
FNDA:0,(anonymous_1)
FNDA:0,(anonymous_2)
FNDA:0,(anonymous_3)
DA:1,1
DA:3,1
DA:10,2
DA:11,2
DA:12,2
DA:13,2
DA:17,0
DA:21,0
DA:25,0
LF:9
LH:6
BRF:0
BRH:0
end_of_record
TN:
SF:src\Domain\Package\Errors\PackageError.ts
FN:4,(anonymous_0)
FN:8,(anonymous_1)
FN:12,(anonymous_2)
FN:16,(anonymous_3)
FNF:4
FNH:3
FNDA:1,(anonymous_0)
FNDA:1,(anonymous_1)
FNDA:0,(anonymous_2)
FNDA:1,(anonymous_3)
DA:3,1
DA:5,1
DA:9,1
DA:13,0
DA:17,1
LF:5
LH:4
BRF:0
BRH:0
end_of_record
TN:
SF:src\Domain\Package\Types\StatusPackage.ts
FN:1,(anonymous_0)
FNF:1
FNH:1
FNDA:4,(anonymous_0)
DA:1,4
DA:2,4
DA:3,4
LF:3
LH:3
BRDA:1,0,0,4
BRDA:1,0,1,4
BRF:2
BRH:2
end_of_record
TN:
SF:src\Infrastructure\Persistence\PersistenceModel\Entities\Address.ts
FN:28,(anonymous_2)
FN:28,(anonymous_3)
FN:35,(anonymous_4)
FN:35,(anonymous_5)
FNF:4
FNH:0
FNDA:0,(anonymous_2)
FNDA:0,(anonymous_3)
FNDA:0,(anonymous_4)
FNDA:0,(anonymous_5)
DA:1,3
DA:5,3
DA:6,3
DA:9,3
DA:11,3
DA:14,3
DA:17,3
DA:20,3
DA:23,3
DA:26,3
DA:28,0
DA:30,3
DA:33,3
DA:35,0
DA:36,3
LF:15
LH:13
BRF:0
BRH:0
end_of_record
TN:
SF:src\Infrastructure\Persistence\PersistenceModel\Entities\AllocationLine.ts
FN:13,(anonymous_2)
FN:13,(anonymous_3)
FN:23,(anonymous_4)
FN:32,(anonymous_5)
FNF:4
FNH:0
FNDA:0,(anonymous_2)
FNDA:0,(anonymous_3)
FNDA:0,(anonymous_4)
FNDA:0,(anonymous_5)
DA:2,3
DA:3,3
DA:4,3
DA:5,3
DA:8,3
DA:11,3
DA:13,0
DA:15,3
DA:20,3
DA:23,0
DA:25,3
DA:30,3
DA:32,0
DA:34,3
DA:39,3
DA:42,3
DA:45,3
LF:17
LH:14
BRF:0
BRH:0
end_of_record
TN:
SF:src\Infrastructure\Persistence\PersistenceModel\Entities\Calendar.ts
FN:12,(anonymous_2)
FN:12,(anonymous_3)
FN:15,(anonymous_4)
FN:15,(anonymous_5)
FNF:4
FNH:0
FNDA:0,(anonymous_2)
FNDA:0,(anonymous_3)
FNDA:0,(anonymous_4)
FNDA:0,(anonymous_5)
DA:1,3
DA:4,3
DA:5,3
DA:8,3
DA:10,3
DA:12,0
DA:13,3
DA:15,0
DA:16,3
LF:9
LH:7
BRF:0
BRH:0
end_of_record
TN:
SF:src\Infrastructure\Persistence\PersistenceModel\Entities\Client.ts
FN:17,(anonymous_2)
FN:17,(anonymous_3)
FN:20,(anonymous_4)
FN:20,(anonymous_5)
FN:23,(anonymous_6)
FN:23,(anonymous_7)
FNF:6
FNH:0
FNDA:0,(anonymous_2)
FNDA:0,(anonymous_3)
FNDA:0,(anonymous_4)
FNDA:0,(anonymous_5)
FNDA:0,(anonymous_6)
FNDA:0,(anonymous_7)
DA:1,3
DA:5,3
DA:6,3
DA:7,3
DA:10,3
DA:12,3
DA:15,3
DA:17,0
DA:18,3
DA:20,0
DA:21,3
DA:23,0
DA:24,3
LF:13
LH:10
BRF:0
BRH:0
end_of_record
TN:
SF:src\Infrastructure\Persistence\PersistenceModel\Entities\DailyAllocation.ts
FN:12,(anonymous_2)
FN:12,(anonymous_3)
FNF:2
FNH:0
FNDA:0,(anonymous_2)
FNDA:0,(anonymous_3)
DA:1,3
DA:2,3
DA:5,3
DA:7,3
DA:10,3
DA:12,0
DA:13,3
DA:16,3
DA:19,3
LF:9
LH:8
BRF:0
BRH:0
end_of_record
TN:
SF:src\Infrastructure\Persistence\PersistenceModel\Entities\DayliDiet.ts
FN:20,(anonymous_2)
FN:20,(anonymous_3)
FN:25,(anonymous_4)
FN:25,(anonymous_5)
FNF:4
FNH:0
FNDA:0,(anonymous_2)
FNDA:0,(anonymous_3)
FNDA:0,(anonymous_4)
FNDA:0,(anonymous_5)
DA:1,3
DA:6,3
DA:7,3
DA:10,3
DA:12,3
DA:15,3
DA:18,3
DA:20,0
DA:22,3
DA:25,0
DA:31,3
LF:11
LH:9
BRF:0
BRH:0
end_of_record
TN:
SF:src\Infrastructure\Persistence\PersistenceModel\Entities\Ingredient.ts
FN:14,(anonymous_2)
FN:14,(anonymous_3)
FN:18,(anonymous_4)
FN:18,(anonymous_5)
FNF:4
FNH:0
FNDA:0,(anonymous_2)
FNDA:0,(anonymous_3)
FNDA:0,(anonymous_4)
FNDA:0,(anonymous_5)
DA:1,3
DA:3,3
DA:4,3
DA:7,3
DA:9,3
DA:12,3
DA:14,0
DA:16,3
DA:18,0
DA:19,3
LF:10
LH:8
BRF:0
BRH:0
end_of_record
TN:
SF:src\Infrastructure\Persistence\PersistenceModel\Entities\MealPlan.ts
FN:25,(anonymous_2)
FN:25,(anonymous_3)
FN:28,(anonymous_4)
FN:28,(anonymous_5)
FN:32,(anonymous_6)
FN:32,(anonymous_7)
FNF:6
FNH:0
FNDA:0,(anonymous_2)
FNDA:0,(anonymous_3)
FNDA:0,(anonymous_4)
FNDA:0,(anonymous_5)
FNDA:0,(anonymous_6)
FNDA:0,(anonymous_7)
DA:1,3
DA:7,3
DA:8,3
DA:9,3
DA:12,3
DA:14,3
DA:17,3
DA:20,3
DA:23,3
DA:25,0
DA:26,3
DA:28,0
DA:30,3
DA:32,0
DA:34,3
LF:15
LH:12
BRF:0
BRH:0
end_of_record
TN:
SF:src\Infrastructure\Persistence\PersistenceModel\Entities\MeasurementUnit.ts
FN:15,(anonymous_2)
FN:15,(anonymous_3)
FNF:2
FNH:0
FNDA:0,(anonymous_2)
FNDA:0,(anonymous_3)
DA:1,3
DA:2,3
DA:5,3
DA:7,3
DA:10,3
DA:13,3
DA:15,0
DA:16,3
LF:8
LH:7
BRF:0
BRH:0
end_of_record
TN:
SF:src\Infrastructure\Persistence\PersistenceModel\Entities\Order.ts
FN:24,(anonymous_2)
FN:24,(anonymous_3)
FNF:2
FNH:0
FNDA:0,(anonymous_2)
FNDA:0,(anonymous_3)
DA:1,3
DA:2,3
DA:4,3
DA:7,3
DA:9,3
DA:12,3
DA:15,3
DA:22,3
DA:24,0
DA:25,3
LF:10
LH:9
BRF:0
BRH:0
end_of_record
TN:
SF:src\Infrastructure\Persistence\PersistenceModel\Entities\OrderItem.ts
FN:36,(anonymous_2)
FN:36,(anonymous_3)
FN:40,(anonymous_4)
FN:40,(anonymous_5)
FNF:4
FNH:0
FNDA:0,(anonymous_2)
FNDA:0,(anonymous_3)
FNDA:0,(anonymous_4)
FNDA:0,(anonymous_5)
DA:1,3
DA:2,3
DA:4,3
DA:5,3
DA:8,3
DA:10,3
DA:17,3
DA:22,3
DA:28,3
DA:34,3
DA:36,0
DA:38,3
DA:40,0
DA:42,3
DA:45,3
DA:48,3
LF:16
LH:14
BRF:0
BRH:0
end_of_record
TN:
SF:src\Infrastructure\Persistence\PersistenceModel\Entities\Package.ts
FN:22,(anonymous_2)
FN:22,(anonymous_3)
FN:25,(anonymous_4)
FN:25,(anonymous_5)
FN:29,(anonymous_6)
FN:29,(anonymous_7)
FNF:6
FNH:0
FNDA:0,(anonymous_2)
FNDA:0,(anonymous_3)
FNDA:0,(anonymous_4)
FNDA:0,(anonymous_5)
FNDA:0,(anonymous_6)
FNDA:0,(anonymous_7)
DA:1,3
DA:2,3
DA:4,3
DA:5,3
DA:6,3
DA:9,3
DA:11,3
DA:14,3
DA:17,3
DA:20,3
DA:22,0
DA:23,3
DA:25,0
DA:27,3
DA:29,0
DA:31,3
DA:34,3
DA:37,3
LF:18
LH:15
BRF:0
BRH:0
end_of_record
TN:
SF:src\Infrastructure\Persistence\PersistenceModel\Entities\PackageItem.ts
FN:14,(anonymous_2)
FN:14,(anonymous_3)
FN:18,(anonymous_4)
FN:18,(anonymous_5)
FNF:4
FNH:0
FNDA:0,(anonymous_2)
FNDA:0,(anonymous_3)
FNDA:0,(anonymous_4)
FNDA:0,(anonymous_5)
DA:1,3
DA:3,3
DA:4,3
DA:7,3
DA:9,3
DA:12,3
DA:14,0
DA:16,3
DA:18,0
DA:20,3
DA:23,3
DA:26,3
LF:12
LH:10
BRF:0
BRH:0
end_of_record
TN:
SF:src\Infrastructure\Persistence\PersistenceModel\Entities\Recipe.ts
FN:23,(anonymous_2)
FN:23,(anonymous_3)
FN:26,(anonymous_4)
FN:26,(anonymous_5)
FN:29,(anonymous_6)
FN:29,(anonymous_7)
FN:32,(anonymous_8)
FN:32,(anonymous_9)
FN:35,(anonymous_10)
FN:35,(anonymous_11)
FNF:10
FNH:0
FNDA:0,(anonymous_2)
FNDA:0,(anonymous_3)
FNDA:0,(anonymous_4)
FNDA:0,(anonymous_5)
FNDA:0,(anonymous_6)
FNDA:0,(anonymous_7)
FNDA:0,(anonymous_8)
FNDA:0,(anonymous_9)
FNDA:0,(anonymous_10)
FNDA:0,(anonymous_11)
DA:1,3
DA:6,3
DA:7,3
DA:8,3
DA:9,3
DA:10,3
DA:13,3
DA:15,3
DA:18,3
DA:21,3
DA:23,0
DA:24,3
DA:26,0
DA:27,3
DA:29,0
DA:30,3
DA:32,0
DA:33,3
DA:35,0
DA:36,3
LF:20
LH:15
BRF:0
BRH:0
end_of_record
TN:
SF:src\Infrastructure\Persistence\PersistenceModel\Entities\RecipeIngredient.ts
FN:13,(anonymous_2)
FN:13,(anonymous_3)
FN:17,(anonymous_4)
FN:17,(anonymous_5)
FNF:4
FNH:0
FNDA:0,(anonymous_2)
FNDA:0,(anonymous_3)
FNDA:0,(anonymous_4)
FNDA:0,(anonymous_5)
DA:1,3
DA:2,3
DA:3,3
DA:6,3
DA:8,3
DA:11,3
DA:13,0
DA:15,3
DA:17,0
DA:19,3
LF:10
LH:8
BRF:0
BRH:0
end_of_record
TN:
SF:src\Infrastructure\Querys\Client\GetClientsForDeliveredHandler.ts
FN:16,(anonymous_11)
FN:20,(anonymous_12)
FNF:2
FNH:2
FNDA:3,(anonymous_11)
FNDA:3,(anonymous_12)
DA:1,1
DA:2,1
DA:3,1
DA:5,1
DA:7,1
DA:8,1
DA:9,1
DA:10,1
DA:14,1
DA:17,3
DA:21,3
DA:23,3
DA:24,3
DA:34,2
DA:35,2
LF:15
LH:15
BRF:0
BRH:0
end_of_record
TN:
SF:src\Infrastructure\Querys\Order\GetOrderByDayHandler.ts
FN:18,(anonymous_11)
FN:22,(anonymous_12)
FNF:2
FNH:2
FNDA:3,(anonymous_11)
FNDA:3,(anonymous_12)
DA:1,1
DA:2,1
DA:3,1
DA:5,1
DA:6,1
DA:8,1
DA:11,1
DA:12,1
DA:16,1
DA:19,3
DA:24,3
DA:25,3
DA:27,3
DA:38,2
DA:39,1
DA:42,1
LF:16
LH:16
BRDA:38,0,0,1
BRDA:38,0,1,1
BRF:2
BRH:2
end_of_record
TN:
SF:src\Infrastructure\Querys\Order\GetOrderByIdHandler.ts
FN:17,(anonymous_11)
FN:21,(anonymous_12)
FNF:2
FNH:2
FNDA:3,(anonymous_11)
FNDA:3,(anonymous_12)
DA:1,1
DA:2,1
DA:3,1
DA:5,1
DA:6,1
DA:8,1
DA:11,1
DA:15,1
DA:18,3
DA:23,3
DA:24,3
DA:26,3
DA:37,2
DA:38,1
DA:41,1
LF:15
LH:15
BRDA:37,0,0,1
BRDA:37,0,1,1
BRF:2
BRH:2
end_of_record
TN:
SF:src\Test\Integration\DTOs\ResponseDto.ts
FNF:0
FNH:0
DA:1,0
DA:8,0
LF:2
LH:0
BRF:0
BRH:0
end_of_record
TN:
SF:src\Test\Integration\Http\Client.ts
FN:7,(anonymous_8)
FN:14,(anonymous_9)
FN:20,(anonymous_10)
FN:33,(anonymous_11)
FN:38,(anonymous_12)
FN:45,(anonymous_14)
FNF:6
FNH:5
FNDA:6,(anonymous_8)
FNDA:3,(anonymous_9)
FNDA:3,(anonymous_10)
FNDA:0,(anonymous_11)
FNDA:8,(anonymous_12)
FNDA:8,(anonymous_14)
DA:1,2
DA:7,2
DA:8,6
DA:9,6
DA:10,6
DA:11,6
DA:12,6
DA:15,3
DA:16,3
DA:17,3
DA:25,3
DA:26,3
DA:29,3
DA:30,3
DA:34,0
DA:35,0
DA:39,8
DA:40,8
DA:45,8
LF:19
LH:17
BRDA:14,0,0,0
BRDA:15,1,0,0
BRDA:15,1,1,3
BRDA:23,2,0,0
BRDA:26,3,0,0
BRDA:26,3,1,3
BRF:6
BRH:2
end_of_record
